<?xml version="1.0" encoding="utf-8" standalone="no"?>
<test-results xmlns:xsi="http://www.w3.org/2001/XMLSchema-instance" xsi:noNamespaceSchemaLocation="nunit_schema_2.5.xsd" name="Pester" total="32" errors="0" failures="3" not-run="0" inconclusive="0" ignored="0" skipped="14" invalid="0" date="2026-03-19" time="02:56:03">
  <environment machine-name="runnervm46oaq" platform="Linux" nunit-version="2.5.8.0" os-version="6.14.0-1017-azure" cwd="/home/runner/work/M365Management/M365Management" user-domain="" user="runner" clr-version="8.0.21" />
  <culture-info current-culture="" current-uiculture="" />
  <test-suite type="TestFixture" name="Pester" executed="True" result="Failure" success="False" time="2.4559" asserts="0" description="Pester">
    <results>
      <test-suite type="TestFixture" name="/home/runner/work/M365Management/M365Management/tests/Unit/Auth.Tests.ps1" executed="True" result="Success" success="True" time="1.6294" asserts="0" description="/home/runner/work/M365Management/M365Management/tests/Unit/Auth.Tests.ps1">
        <results>
          <test-suite type="TestFixture" name="Get-GraphAccessToken" executed="True" result="Success" success="True" time="0.8353" asserts="0" description="Get-GraphAccessToken">
            <results>
              <test-suite type="TestFixture" name="Get-GraphAccessToken.When credentials are provided via parameters" executed="True" result="Success" success="True" time="0.4917" asserts="0" description="Get-GraphAccessToken.When credentials are provided via parameters">
                <results>
                  <test-case description="Should request token from correct endpoint" name="Get-GraphAccessToken.When credentials are provided via parameters.Should request token from correct endpoint" time="0.3623" asserts="0" success="True" result="Success" executed="True" />
                  <test-case description="Should return the access token" name="Get-GraphAccessToken.When credentials are provided via parameters.Should return the access token" time="0.0503" asserts="0" success="True" result="Success" executed="True" />
                  <test-case description="Should use client_credentials grant type" name="Get-GraphAccessToken.When credentials are provided via parameters.Should use client_credentials grant type" time="0.0256" asserts="0" success="True" result="Success" executed="True" />
                  <test-case description="Should request Graph API default scope" name="Get-GraphAccessToken.When credentials are provided via parameters.Should request Graph API default scope" time="0.0278" asserts="0" success="True" result="Success" executed="True" />
                </results>
              </test-suite>
              <test-suite type="TestFixture" name="Get-GraphAccessToken.When credentials are provided via environment variables" executed="True" result="Success" success="True" time="0.5591" asserts="0" description="Get-GraphAccessToken.When credentials are provided via environment variables">
                <results>
                  <test-case description="Should use environment variables when parameters are empty" name="Get-GraphAccessToken.When credentials are provided via environment variables.Should use environment variables when parameters are empty" time="0.0587" asserts="0" success="True" result="Success" executed="True" />
                </results>
              </test-suite>
              <test-suite type="TestFixture" name="Get-GraphAccessToken.When credentials are missing" executed="True" result="Success" success="True" time="0.6397" asserts="0" description="Get-GraphAccessToken.When credentials are missing">
                <results>
                  <test-case description="Should throw when no credentials available" name="Get-GraphAccessToken.When credentials are missing.Should throw when no credentials available" time="0.0725" asserts="0" success="True" result="Success" executed="True" />
                </results>
              </test-suite>
              <test-suite type="TestFixture" name="Get-GraphAccessToken.When .env file exists" executed="True" result="Success" success="True" time="0.8223" asserts="0" description="Get-GraphAccessToken.When .env file exists">
                <results>
                  <test-case description="Should load credentials from .env file" name="Get-GraphAccessToken.When .env file exists.Should load credentials from .env file" time="0.0942" asserts="0" success="True" result="Success" executed="True" />
                  <test-case description="Should ignore comment lines in .env file" name="Get-GraphAccessToken.When .env file exists.Should ignore comment lines in .env file" time="0.0805" asserts="0" success="True" result="Success" executed="True" />
                </results>
              </test-suite>
            </results>
          </test-suite>
          <test-suite type="TestFixture" name="Invoke-GraphRequest" executed="True" result="Success" success="True" time="1.2535" asserts="0" description="Invoke-GraphRequest">
            <results>
              <test-suite type="TestFixture" name="Invoke-GraphRequest.When making GET requests" executed="True" result="Success" success="True" time="0.1853" asserts="0" description="Invoke-GraphRequest.When making GET requests">
                <results>
                  <test-case description="Should call the correct Graph API endpoint" name="Invoke-GraphRequest.When making GET requests.Should call the correct Graph API endpoint" time="0.0977" asserts="0" success="True" result="Success" executed="True" />
                  <test-case description="Should include Bearer token in Authorization header" name="Invoke-GraphRequest.When making GET requests.Should include Bearer token in Authorization header" time="0.0538" asserts="0" success="True" result="Success" executed="True" />
                  <test-case description="Should default to GET method" name="Invoke-GraphRequest.When making GET requests.Should default to GET method" time="0.0244" asserts="0" success="True" result="Success" executed="True" />
                </results>
              </test-suite>
              <test-suite type="TestFixture" name="Invoke-GraphRequest.When making POST requests with body" executed="True" result="Success" success="True" time="0.3388" asserts="0" description="Invoke-GraphRequest.When making POST requests with body">
                <results>
                  <test-case description="Should serialize body to JSON" name="Invoke-GraphRequest.When making POST requests with body.Should serialize body to JSON" time="0.1167" asserts="0" success="True" result="Success" executed="True" />
                  <test-case description="Should set Content-Type to application/json" name="Invoke-GraphRequest.When making POST requests with body.Should set Content-Type to application/json" time="0.0314" asserts="0" success="True" result="Success" executed="True" />
                </results>
              </test-suite>
              <test-suite type="TestFixture" name="Invoke-GraphRequest.When token is not provided" executed="True" result="Success" success="True" time="0.3951" asserts="0" description="Invoke-GraphRequest.When token is not provided">
                <results>
                  <test-case description="Should automatically acquire token" name="Invoke-GraphRequest.When token is not provided.Should automatically acquire token" time="0.0511" asserts="0" success="True" result="Success" executed="True" />
                </results>
              </test-suite>
            </results>
          </test-suite>
        </results>
      </test-suite>
      <test-suite type="TestFixture" name="/home/runner/work/M365Management/M365Management/tests/Unit/YamlValidation.Tests.ps1" executed="True" result="Ignored" success="True" time="0.2904" asserts="0" description="/home/runner/work/M365Management/M365Management/tests/Unit/YamlValidation.Tests.ps1">
        <results>
          <test-suite type="TestFixture" name="Validate-Schema.ps1" executed="True" result="Ignored" success="True" time="0.2517" asserts="0" description="Validate-Schema.ps1">
            <results>
              <test-suite type="TestFixture" name="Validate-Schema.ps1.Valid configuration files" executed="True" result="Ignored" success="True" time="0.0738" asserts="0" description="Validate-Schema.ps1.Valid configuration files">
                <results>
                  <test-case description="Should pass for valid YAML with all required fields" name="Validate-Schema.ps1.Valid configuration files.Should pass for valid YAML with all required fields" time="0.0532" asserts="0" success="False" result="Ignored" executed="False" />
                  <test-case description="Should accept multiple resources in a single file" name="Validate-Schema.ps1.Valid configuration files.Should accept multiple resources in a single file" time="0.0157" asserts="0" success="False" result="Ignored" executed="False" />
                </results>
              </test-suite>
              <test-suite type="TestFixture" name="Validate-Schema.ps1.Invalid configuration files" executed="True" result="Ignored" success="True" time="0.1946" asserts="0" description="Validate-Schema.ps1.Invalid configuration files">
                <results>
                  <test-case description="Should fail when resources array is missing" name="Validate-Schema.ps1.Invalid configuration files.Should fail when resources array is missing" time="0.0146" asserts="0" success="False" result="Ignored" executed="False" />
                  <test-case description="Should fail when resourceType is missing" name="Validate-Schema.ps1.Invalid configuration files.Should fail when resourceType is missing" time="0.0284" asserts="0" success="False" result="Ignored" executed="False" />
                  <test-case description="Should fail when resourceType has invalid format" name="Validate-Schema.ps1.Invalid configuration files.Should fail when resourceType has invalid format" time="0.0182" asserts="0" success="False" result="Ignored" executed="False" />
                  <test-case description="Should fail when Id is not a valid GUID" name="Validate-Schema.ps1.Invalid configuration files.Should fail when Id is not a valid GUID" time="0.0176" asserts="0" success="False" result="Ignored" executed="False" />
                  <test-case description="Should fail when State has invalid value" name="Validate-Schema.ps1.Invalid configuration files.Should fail when State has invalid value" time="0.0179" asserts="0" success="False" result="Ignored" executed="False" />
                  <test-case description="Should fail when Ensure has invalid value" name="Validate-Schema.ps1.Invalid configuration files.Should fail when Ensure has invalid value" time="0.019" asserts="0" success="False" result="Ignored" executed="False" />
                </results>
              </test-suite>
              <test-suite type="TestFixture" name="Validate-Schema.ps1.Unknown properties (permissive mode)" executed="True" result="Ignored" success="True" time="0.2314" asserts="0" description="Validate-Schema.ps1.Unknown properties (permissive mode)">
                <results>
                  <test-case description="Should warn but pass when unknown properties are present" name="Validate-Schema.ps1.Unknown properties (permissive mode).Should warn but pass when unknown properties are present" time="0.0187" asserts="0" success="False" result="Ignored" executed="False" />
                  <test-case description="Should fail in strict mode when unknown properties are present" name="Validate-Schema.ps1.Unknown properties (permissive mode).Should fail in strict mode when unknown properties are present" time="0.0137" asserts="0" success="False" result="Ignored" executed="False" />
                </results>
              </test-suite>
            </results>
          </test-suite>
        </results>
      </test-suite>
      <test-suite type="TestFixture" name="/home/runner/work/M365Management/M365Management/tests/Integration/ApplyConfig.Tests.ps1" executed="True" result="Failure" success="False" time="0.536" asserts="0" description="/home/runner/work/M365Management/M365Management/tests/Integration/ApplyConfig.Tests.ps1">
        <results>
          <test-suite type="TestFixture" name="Apply-Config.ps1" executed="True" result="Failure" success="False" time="0.408" asserts="0" description="Apply-Config.ps1">
            <results>
              <test-suite type="TestFixture" name="Apply-Config.ps1.DryRun mode" executed="True" result="Failure" success="False" time="0.0487" asserts="0" description="Apply-Config.ps1.DryRun mode">
                <results>
                  <test-case description="Should not make API calls in DryRun mode" name="Apply-Config.ps1.DryRun mode.Should not make API calls in DryRun mode" time="0.0344" asserts="0" success="False" result="Failure" executed="True">
                    <failure>
                      <message>RuntimeException: No modules named 'Auth' are currently loaded.</message>
                      <stack-trace />
                    </failure>
                  </test-case>
                  <test-case description="Should output planned changes in DryRun mode" name="Apply-Config.ps1.DryRun mode.Should output planned changes in DryRun mode" time="0.0105" asserts="0" success="False" result="Failure" executed="True">
                    <failure>
                      <message>RuntimeException: No modules named 'Auth' are currently loaded.</message>
                      <stack-trace />
                    </failure>
                  </test-case>
                </results>
              </test-suite>
              <test-suite type="TestFixture" name="Apply-Config.ps1.Monitor naming conventions" executed="True" result="Ignored" success="True" time="0.0796" asserts="0" description="Apply-Config.ps1.Monitor naming conventions">
                <results>
                  <test-case description="Should generate monitor name from tenant name" name="Apply-Config.ps1.Monitor naming conventions.Should generate monitor name from tenant name" time="0.0132" asserts="0" success="False" result="Ignored" executed="False" />
                  <test-case description="Should sanitize special characters in monitor name" name="Apply-Config.ps1.Monitor naming conventions.Should sanitize special characters in monitor name" time="0.0136" asserts="0" success="True" result="Success" executed="True" />
                </results>
              </test-suite>
              <test-suite type="TestFixture" name="Apply-Config.ps1.Error handling" executed="True" result="Ignored" success="True" time="0.1476" asserts="0" description="Apply-Config.ps1.Error handling">
                <results>
                  <test-case description="Should throw on authentication failure" name="Apply-Config.ps1.Error handling.Should throw on authentication failure" time="0.0404" asserts="0" success="False" result="Ignored" executed="False" />
                  <test-case description="Should handle Graph API 429 (throttling) gracefully" name="Apply-Config.ps1.Error handling.Should handle Graph API 429 (throttling) gracefully" time="0.0225" asserts="0" success="False" result="Ignored" executed="False" />
                </results>
              </test-suite>
              <test-suite type="TestFixture" name="Apply-Config.ps1.Configuration parsing" executed="True" result="Failure" success="False" time="0.3995" asserts="0" description="Apply-Config.ps1.Configuration parsing">
                <results>
                  <test-case description="Should parse YAML files from workload subdirectories" name="Apply-Config.ps1.Configuration parsing.Should parse YAML files from workload subdirectories" time="0.024" asserts="0" success="False" result="Ignored" executed="False" />
                  <test-case description="Should handle empty config directory gracefully" name="Apply-Config.ps1.Configuration parsing.Should handle empty config directory gracefully" time="0.2231" asserts="0" success="False" result="Failure" executed="True">
                    <failure>
                      <message>PropertyNotFoundException: The property 'Count' cannot be found on this object. Verify that the property exists.</message>
                      <stack-trace>at &lt;ScriptBlock&gt;, /home/runner/work/M365Management/M365Management/scripts/Apply-Config.ps1:234
at &lt;ScriptBlock&gt;, /home/runner/work/M365Management/M365Management/tests/Integration/ApplyConfig.Tests.ps1:200</stack-trace>
                    </failure>
                  </test-case>
                </results>
              </test-suite>
            </results>
          </test-suite>
        </results>
      </test-suite>
    </results>
  </test-suite>
</test-results>